<?xml version="1.0" encoding="UTF-8"?>
<!-- Generated by org.testng.reporters.JUnitReportReporter -->
<testsuite skipped="0" hostname="LAPTOP-BQFGCDI1" name="pro2.SampleTest" tests="1" failures="0" timestamp="01 Feb 2022 10:39:45 GMT" time="0.007" errors="0">
  <testcase name="add" time="0.007" classname="pro2.SampleTest"/>
</testsuite> <!-- pro2.SampleTest -->
